<?xml version="1.0" encoding="UTF-8"?>
<!-- Generated by org.testng.reporters.JUnitReportReporter -->
<testsuite hostname="LAPTOP-9TA0J9QC" failures="0" tests="1" name="TestScripts.Adminpage" time="5.317" errors="0" timestamp="2025-04-12T01:51:43 IST" skipped="0">
  <testcase classname="TestScripts.Adminpage" name="adminPage" time="5.317"/>
  <system-out/>
</testsuite> <!-- TestScripts.Adminpage -->
