<?xml version="1.0" encoding="UTF-8"?>
<!-- Generated by org.testng.reporters.JUnitReportReporter -->
<testsuite hostname="LAPTOP-9TA0J9QC" failures="0" tests="1" name="TestScripts.Demo" time="1.880" errors="0" timestamp="2025-04-11T23:42:42 IST" skipped="0">
  <testcase classname="TestScripts.Demo" name="demotesrcase" time="1.880"/>
  <system-out/>
</testsuite> <!-- TestScripts.Demo -->
