<?xml version="1.0" encoding="UTF-8"?>
<!-- Generated by org.testng.reporters.JUnitReportReporter -->
<testsuite hostname="LAPTOP-9TA0J9QC" failures="0" tests="1" name="TestScripts.UpgradeButton" time="6.504" errors="0" timestamp="2025-04-12T01:50:39 IST" skipped="0">
  <testcase classname="TestScripts.UpgradeButton" name="updgradebutton" time="6.504"/>
  <system-out/>
</testsuite> <!-- TestScripts.UpgradeButton -->
