<?xml version="1.0" encoding="UTF-8"?>
<!-- Generated by org.testng.reporters.JUnitReportReporter -->
<testsuite hostname="LAPTOP-9TA0J9QC" failures="0" tests="1" name="TestScripts.Pimbutton" time="6.396" errors="0" timestamp="2025-04-12T01:51:08 IST" skipped="0">
  <testcase classname="TestScripts.Pimbutton" name="pimbutton" time="6.396"/>
  <system-out/>
</testsuite> <!-- TestScripts.Pimbutton -->
